-----------------------------------------------------------------Шаг 6------------------------------------------------------------------------  

Диагностическое сообщение:
main.c:9:9: fatal error: studio.h: No such file or directory

Строка с дефектом:
#include<studio.h>

Исправленная строка:
#include <stdio.h>

Диагностическое сообщение:
main.c:21:30: error: expected ‘;’ before ‘printf’

Строка с дефектом:
    scanf("%d", &flat_number)

Исправленная строка:
    scanf("%d", &flat_number);

Диагностическое сообщение:
main.c: In function ‘Main’:
main.c:28:12: warning: too many arguments for format [-Wformat-extra-args]

Строка с дефектом:
           flat_number / flats_per_floor, flat_number);

Исправленная строка:
           flat_number / flats_per_floor);

Диагностическое сообщение:
/usr/bin/ld: /usr/lib/gcc/x86_64-linux-gnu/11/../../../x86_64-linux-gnu/Scrt1.o: in function `_start':
(.text+0x1b): undefined reference to `main'

Строка с дефектом:
int Main()

Исправленная строка:
int main()

-----------------------------------------------------------------Шаг 9------------------------------------------------------------------------

Диагностическое сообщение:
main.c:13:5: error: C++ style comments are not allowed in ISO C90

Строка с дефектом:
    // Номер квартиры

Решение:
Заменить ключ компилятора на -std=c11 
В стандарте языка C ISOC90 не допускаются комментарии вида "//", которые используются в C++
Начиная с С99 такие комментарии допускаются.
Стандарт С11 заменил С99 начиная с 2011 года.

-----------------------------------------------------------------Шаг 13------------------------------------------------------------------------
Строки с дефектом:
    printf("Вам нужно подняться на %d этаж\n",
           flat_number / flats_per_floor, flat_number);

Решение:
Данная формула целочисленного деления не учитывает квартиры, которые находятся на первом этаже.

Исправленные строка:
    printf("Вам нужно подняться на %d этаж\n",
           (flat_number + flats_per_floor - 1)  / flats_per_floor);
